2022-05-25 20:19:37,489 INFO     [run_moose.py:56] ****************************************************************************************************
2022-05-25 20:19:37,489 INFO     [run_moose.py:57]                                      STARTING MOOSE V.1.0                                           
2022-05-25 20:19:37,489 INFO     [run_moose.py:58] ****************************************************************************************************
2022-05-25 20:19:37,492 INFO     [run_moose.py:61]  
2022-05-25 20:19:37,492 INFO     [run_moose.py:62] INPUT ARGUMENTS
2022-05-25 20:19:37,492 INFO     [run_moose.py:63] ------------------
2022-05-25 20:19:37,492 INFO     [run_moose.py:64] - Main folder: /home/kyloren/Documents/Projects/MOOSE/Test/
2022-05-25 20:19:37,492 INFO     [run_moose.py:65] - Error analysis: True[1 = True, 0 = False]
2022-05-25 20:19:37,492 INFO     [run_moose.py:66] - Total number of subjects to MOOSE: 1
2022-05-25 20:19:37,492 INFO     [run_moose.py:67]  
2022-05-25 20:19:37,493 INFO     [run_moose.py:74] :::::::::::::::::::::::::::::::::::::::::::::::::::::::::::::::::::::::::::::::::::::::::::::::
2022-05-25 20:19:37,493 INFO     [run_moose.py:75] - Working folder: /home/kyloren/Documents/Projects/MOOSE/Test/001_Kandathil_Sam_August
2022-05-25 20:19:37,493 INFO     [run_moose.py:77] - Processing subject:  001_Kandathil_Sam_August
2022-05-25 20:19:37,493 INFO     [run_moose.py:79] - Number of folders in subject 001_Kandathil_Sam_August: 1
2022-05-25 20:19:37,493 INFO     [run_moose.py:80] - Folder names: ['/home/kyloren/Documents/Projects/MOOSE/Test/001_Kandathil_Sam_August/LOWD_CT_WB_4_0_2_0_I30F_3_FUSION_0003']
2022-05-25 20:19:37,493 INFO     [run_moose.py:81] :::::::::::::::::::::::::::::::::::::::::::::::::::::::::::::::::::::::::::::::::::::::::::::::
2022-05-25 20:19:37,493 INFO     [run_moose.py:82]  
2022-05-25 20:19:37,493 INFO     [imageIO.py:96] Converting DICOM images in /home/kyloren/Documents/Projects/MOOSE/Test/001_Kandathil_Sam_August to NIFTI
2022-05-25 20:19:38,704 INFO     [imageIO.py:101] Done
2022-05-25 20:19:38,707 INFO     [run_moose.py:90] Looking for modality type and organising the files accordingly
2022-05-25 20:19:38,708 INFO     [run_moose.py:107] Only CT data found in folder /home/kyloren/Documents/Projects/MOOSE/Test/001_Kandathil_Sam_August, MOOSE will construct non-cerebral tissue atlas (n=37) based on CT data
2022-05-25 20:19:38,708 INFO     [run_moose.py:111] --------------------------------------------------------------------------------------------
2022-05-25 20:19:38,708 INFO     [run_moose.py:112]                        Initiating CT segmentation protocols                                 
2022-05-25 20:19:38,708 INFO     [run_moose.py:113] --------------------------------------------------------------------------------------------
2022-05-25 20:19:39,630 INFO     [inferenceEngine.py:70] CT image to be segmented: /home/kyloren/Documents/Projects/MOOSE/Test/001_Kandathil_Sam_August/CT/001_Kandathil_Sam_August_ULD_FDG_60m_Dynamic_Patlak_HeadNeckThoAbd_20210716103713_3_0000\.nii\.gz
2022-05-25 20:19:39,631 INFO     [inferenceEngine.py:71] Output directory: /home/kyloren/Documents/Projects/MOOSE/Test/001_Kandathil_Sam_August/labels
2022-05-25 20:19:39,631 INFO     [inferenceEngine.py:73] Segmenting abdominal organs...
